<?xml version="1.0" encoding="UTF-8"?>
<!-- Generated by org.testng.reporters.JUnitXMLReporter -->
<testsuite ignored="9" hostname="DESKTOP-121C7AT" failures="0" tests="1" name="Test" time="0.11" errors="0" timestamp="2022-08-17T15:05:23 IST">
  <testcase classname="org.tyss.practice.group.NomineeTest" name="deleteNomineeTest" time="0.019"/>
  <testcase classname="org.tyss.practice.group.PaymentTest" name="createPaymentTest" time="0.0">
    <ignored/>
  </testcase> <!-- createPaymentTest -->
  <testcase classname="org.tyss.practice.group.ClientsTest" name="createClientTest" time="0.0">
    <ignored/>
  </testcase> <!-- createClientTest -->
  <testcase classname="org.tyss.practice.group.ClientsTest" name="editClientTest" time="0.0">
    <ignored/>
  </testcase> <!-- editClientTest -->
  <testcase classname="org.tyss.practice.group.PaymentTest" name="editPaymentTest" time="0.0">
    <ignored/>
  </testcase> <!-- editPaymentTest -->
  <testcase classname="org.tyss.practice.group.ClientsTest" name="ClientTest" time="0.0">
    <ignored/>
  </testcase> <!-- ClientTest -->
  <testcase classname="org.tyss.practice.group.PaymentTest" name="deletePaymentTest" time="0.0">
    <ignored/>
  </testcase> <!-- deletePaymentTest -->
  <testcase classname="org.tyss.practice.group.ClientsTest" name="deleteClientTest" time="0.0">
    <ignored/>
  </testcase> <!-- deleteClientTest -->
  <testcase classname="org.tyss.practice.group.NomineeTest" name="editNomineeTest" time="0.0">
    <ignored/>
  </testcase> <!-- editNomineeTest -->
  <testcase classname="org.tyss.practice.group.NomineeTest" name="createNomineeTest" time="0.0">
    <ignored/>
  </testcase> <!-- createNomineeTest -->
</testsuite> <!-- Test -->
