<?xml version="1.0" encoding="UTF-8"?>
<!-- Generated by org.testng.reporters.JUnitXMLReporter -->
<testsuite ignored="6" hostname="DESKTOP-121C7AT" failures="0" tests="3" name="Test" time="0.14" errors="0" timestamp="2022-08-17T13:22:42 IST">
  <testcase classname="org.tyss.practice.group.PaymentTest" name="createPaymentTest" time="0.013"/>
  <testcase classname="org.tyss.practice.group.NomineeTest" name="createNomineeTest" time="0.002"/>
  <testcase classname="org.tyss.practice.group.ClientsTest" name="createClientTest" time="0.008"/>
  <testcase classname="org.tyss.practice.group.ClientsTest" name="editClientTest" time="0.0">
    <ignored/>
  </testcase> <!-- editClientTest -->
  <testcase classname="org.tyss.practice.group.PaymentTest" name="editPaymentTest" time="0.0">
    <ignored/>
  </testcase> <!-- editPaymentTest -->
  <testcase classname="org.tyss.practice.group.PaymentTest" name="deletePaymentTest" time="0.0">
    <ignored/>
  </testcase> <!-- deletePaymentTest -->
  <testcase classname="org.tyss.practice.group.NomineeTest" name="deleteNomineeTest" time="0.0">
    <ignored/>
  </testcase> <!-- deleteNomineeTest -->
  <testcase classname="org.tyss.practice.group.ClientsTest" name="deleteClientTest" time="0.0">
    <ignored/>
  </testcase> <!-- deleteClientTest -->
  <testcase classname="org.tyss.practice.group.NomineeTest" name="editNomineeTest" time="0.0">
    <ignored/>
  </testcase> <!-- editNomineeTest -->
</testsuite> <!-- Test -->
