<?xml version="1.0" encoding="UTF-8"?>
<!-- Generated by org.testng.reporters.JUnitXMLReporter -->
<testsuite ignored="0" hostname="DESKTOP-121C7AT" failures="1" tests="10" name="Test" time="4.042" errors="0" timestamp="2022-08-17T17:53:17 IST">
  <testcase classname="org.tyss.practice.group.PaymentTest" name="createPaymentTest" time="0.012"/>
  <testcase classname="org.tyss.practice.group.PaymentTest" name="deletePaymentTest" time="0.002"/>
  <testcase classname="org.tyss.practice.group.PaymentTest" name="editPaymentTest" time="0.001"/>
  <testcase classname="org.tyss.practice.group.NomineeTest" name="createNomineeTest" time="0.002"/>
  <testcase classname="org.tyss.practice.group.NomineeTest" name="deleteNomineeTest" time="0.002"/>
  <testcase classname="org.tyss.practice.group.NomineeTest" name="editNomineeTest" time="0.001"/>
  <testcase classname="org.tyss.practice.group.ClientsTest" name="ClientTest" time="0.0">
    <failure type="org.testng.TestNGException" message="
Data Provider public void org.tyss.practice.group.ClientsTest.createClientDataProvider() throws org.apache.poi.EncryptedDocumentException,java.io.IOException returned a null value">
      <![CDATA[org.testng.TestNGException: 
Data Provider public void org.tyss.practice.group.ClientsTest.createClientDataProvider() throws org.apache.poi.EncryptedDocumentException,java.io.IOException returned a null value
at java.base/java.util.ArrayList.forEach(ArrayList.java:1511)
... Removed 24 stack frames]]>
    </failure>
  </testcase> <!-- ClientTest -->
  <testcase classname="org.tyss.practice.group.ClientsTest" name="createClientTest" time="0.004"/>
  <testcase classname="org.tyss.practice.group.ClientsTest" name="deleteClientTest" time="0.002"/>
  <testcase classname="org.tyss.practice.group.ClientsTest" name="editClientTest" time="0.003"/>
</testsuite> <!-- Test -->
